<?xml version="1.0" encoding="UTF-8"?>
<!-- Generated by org.testng.reporters.JUnitReportReporter -->
<testsuite hostname="MAA15-CG146BRH5" failures="0" tests="1" name="TestNG1.TestNGDemo" time="0.002" errors="0" timestamp="2024-07-20T12:09:07 IST" skipped="0">
  <testcase classname="TestNG1.TestNGDemo" name="Demo" time="0.002"/>
</testsuite> <!-- TestNG1.TestNGDemo -->
