<?xml version="1.0" encoding="UTF-8"?>
<!-- Generated by org.testng.reporters.JUnitReportReporter -->
<testsuite hostname="MAA15-CG146BRH5" failures="0" tests="2" name="TestNG1.TestNG4Ignore" time="0.008" errors="0" timestamp="2024-07-20T12:01:35 IST" skipped="1">
  <testcase classname="TestNG1.TestNG4Ignore" name="demo4" time="0.008"/>
  <testcase classname="TestNG1.TestNG4Ignore" name="demo3">
    <skipped/>
  </testcase> <!-- demo3 -->
</testsuite> <!-- TestNG1.TestNG4Ignore -->
