<?xml version="1.0" encoding="UTF-8"?>
<!-- Generated by org.testng.reporters.JUnitReportReporter -->
<testsuite hostname="MAA15-CG146BRH5" failures="0" tests="8" name="TestNG1.TestNG2" time="0.020" errors="0" timestamp="2024-07-20T12:09:07 IST" skipped="1">
  <testcase classname="TestNG1.TestNG2" name="demo1" time="0.001"/>
  <testcase classname="TestNG1.TestNG2" name="demo1" time="0.002"/>
  <testcase classname="TestNG1.TestNG2" name="demo2" time="0.004"/>
  <testcase classname="TestNG1.TestNG2" name="demo1" time="0.001"/>
  <testcase classname="TestNG1.TestNG2" name="demo3" time="0.009"/>
  <testcase classname="TestNG1.TestNG2" name="demo1" time="0.001"/>
  <testcase classname="TestNG1.TestNG2" name="demo1" time="0.002"/>
  <testcase classname="TestNG1.TestNG2" name="demo">
    <skipped/>
  </testcase> <!-- demo -->
</testsuite> <!-- TestNG1.TestNG2 -->
