<?xml version="1.0" encoding="UTF-8"?>
<!-- Generated by org.testng.reporters.JUnitReportReporter -->
<testsuite hostname="MAA15-CG146BRH5" failures="0" tests="1" name="ExtentReport.Extent1" time="8.794" errors="0" timestamp="2024-07-21T12:48:57 IST" skipped="0">
  <testcase classname="ExtentReport.Extent1" name="Report" time="8.794"/>
</testsuite> <!-- ExtentReport.Extent1 -->
